<?xml version="1.0" encoding="UTF-8"?>
<!-- Generated by org.testng.reporters.JUnitXMLReporter -->
<testsuite ignored="0" hostname="NSL-6578" failures="1" tests="2" name="Test" time="32.225" errors="0" timestamp="2022-06-20T14:24:58 IST">
  <testcase classname="io.cucumber.testng.AbstractTestNGCucumberTests" name="runScenario" time="23.77">
    <failure type="java.lang.AssertionError" message="expected [CheckOut] but found [Checkout]">
      <![CDATA[java.lang.AssertionError: expected [CheckOut] but found [Checkout]
at pages.Common.assertPage(Common.java:133)
at StepDefinitions.Steps.should_be_on_check_out_page(Steps.java:49)
at ✽.should be on check out page(file:///C:/Assesment/amazonAutomationByKatyayan/src/test/java/Features/Widgettesting.feature:32)
... Removed 6 stack frames]]>
    </failure>
  </testcase> <!-- runScenario -->
  <testcase classname="Runner.Runner2" name="runScenarios" time="0.001"/>
</testsuite> <!-- Test -->
