<?xml version="1.0" encoding="UTF-8"?>
<testng-results ignored="0" total="4" passed="4" failed="0" skipped="0">
  <reporter-output>
  </reporter-output>
  <suite started-at="2022-06-20T14:27:41 IST" name="Suite" finished-at="2022-06-20T14:28:59 IST" duration-ms="78771">
    <groups>
      <group name="cucumber">
        <method signature="AbstractTestNGCucumberTests.runScenario(io.cucumber.testng.PickleWrapper,io.cucumber.testng.FeatureWrapper)[pri:0, instance:Runner.Runner2@4a94ee4]" name="runScenario" class="io.cucumber.testng.AbstractTestNGCucumberTests"/>
        <method signature="AbstractTestNGCucumberTests.runScenario(io.cucumber.testng.PickleWrapper,io.cucumber.testng.FeatureWrapper)[pri:0, instance:Runner.Runner2@2f9f7dcf]" name="runScenario" class="io.cucumber.testng.AbstractTestNGCucumberTests"/>
      </group> <!-- cucumber -->
    </groups>
    <test started-at="2022-06-20T14:27:41 IST" name="Test1" finished-at="2022-06-20T14:28:18 IST" duration-ms="36794">
      <class name="Runner.Runner2">
        <test-method is-config="true" signature="setupTest(java.lang.String)[pri:0, instance:Runner.Runner2@4a94ee4]" started-at="2022-06-20T14:27:41 IST" name="setupTest" finished-at="2022-06-20T14:27:47 IST" duration-ms="6451" status="PASS">
          <params>
            <param index="0">
              <value>
                <![CDATA[browserName1]]>
              </value>
            </param>
          </params>
          <reporter-output>
          </reporter-output>
        </test-method> <!-- setupTest -->
        <test-method is-config="true" signature="setUpClass(org.testng.ITestContext)[pri:0, instance:Runner.Runner2@4a94ee4]" started-at="2022-06-20T14:27:47 IST" name="setUpClass" finished-at="2022-06-20T14:27:48 IST" duration-ms="739" status="PASS">
          <params>
            <param index="0">
              <value>
                <![CDATA[org.testng.TestRunner@21f459fc]]>
              </value>
            </param>
          </params>
          <reporter-output>
          </reporter-output>
        </test-method> <!-- setUpClass -->
        <test-method is-config="true" signature="setUPClass()[pri:0, instance:Runner.Runner2@4a94ee4]" started-at="2022-06-20T14:27:48 IST" name="setUPClass" finished-at="2022-06-20T14:27:49 IST" duration-ms="764" status="PASS">
          <reporter-output>
          </reporter-output>
        </test-method> <!-- setUPClass -->
        <test-method signature="runScenario(io.cucumber.testng.PickleWrapper,io.cucumber.testng.FeatureWrapper)[pri:0, instance:Runner.Runner2@4a94ee4]" started-at="2022-06-20T14:27:49 IST" name="runScenario" description="Runs Cucumber Scenarios" data-provider="scenarios" finished-at="2022-06-20T14:28:17 IST" duration-ms="28160" status="PASS">
          <params>
            <param index="0">
              <value>
                <![CDATA["User is able to search a product and land on checkout page"]]>
              </value>
            </param>
            <param index="1">
              <value>
                <![CDATA["Optional[Amazon purchaseflow]"]]>
              </value>
            </param>
          </params>
          <reporter-output>
          </reporter-output>
        </test-method> <!-- runScenario -->
        <test-method is-config="true" signature="f1(org.testng.ITestResult)[pri:0, instance:Runner.Runner2@4a94ee4]" started-at="2022-06-20T14:28:17 IST" name="f1" finished-at="2022-06-20T14:28:17 IST" duration-ms="0" status="PASS">
          <params>
            <param index="0">
              <value>
                <![CDATA[[TestResult name=runScenario status=SUCCESS method=AbstractTestNGCucumberTests.runScenario(io.cucumber.testng.PickleWrapper,io.cucumber.testng.FeatureWrapper)[pri:0, instance:Runner.Runner2@4a94ee4] output={null}]]]>
              </value>
            </param>
          </params>
          <reporter-output>
          </reporter-output>
        </test-method> <!-- f1 -->
        <test-method signature="runScenarios()[pri:0, instance:Runner.Runner2@4a94ee4]" started-at="2022-06-20T14:28:17 IST" name="runScenarios" finished-at="2022-06-20T14:28:17 IST" duration-ms="4" status="PASS">
          <reporter-output>
          </reporter-output>
        </test-method> <!-- runScenarios -->
        <test-method is-config="true" signature="f1(org.testng.ITestResult)[pri:0, instance:Runner.Runner2@4a94ee4]" started-at="2022-06-20T14:28:17 IST" name="f1" finished-at="2022-06-20T14:28:17 IST" duration-ms="1" status="PASS">
          <params>
            <param index="0">
              <value>
                <![CDATA[[TestResult name=runScenarios status=SUCCESS method=Runner2.runScenarios()[pri:0, instance:Runner.Runner2@4a94ee4] output={null}]]]>
              </value>
            </param>
          </params>
          <reporter-output>
          </reporter-output>
        </test-method> <!-- f1 -->
        <test-method is-config="true" signature="afterClass()[pri:0, instance:Runner.Runner2@4a94ee4]" started-at="2022-06-20T14:28:17 IST" name="afterClass" finished-at="2022-06-20T14:28:18 IST" duration-ms="338" status="PASS">
          <reporter-output>
          </reporter-output>
        </test-method> <!-- afterClass -->
        <test-method is-config="true" signature="tearDownClass()[pri:0, instance:Runner.Runner2@4a94ee4]" started-at="2022-06-20T14:28:18 IST" name="tearDownClass" finished-at="2022-06-20T14:28:18 IST" duration-ms="4" status="PASS">
          <reporter-output>
          </reporter-output>
        </test-method> <!-- tearDownClass -->
      </class> <!-- Runner.Runner2 -->
    </test> <!-- Test1 -->
    <test started-at="2022-06-20T14:28:18 IST" name="Test2" finished-at="2022-06-20T14:28:59 IST" duration-ms="41944">
      <class name="Runner.Runner2">
        <test-method is-config="true" signature="setupTest(java.lang.String)[pri:0, instance:Runner.Runner2@2f9f7dcf]" started-at="2022-06-20T14:28:18 IST" name="setupTest" finished-at="2022-06-20T14:28:33 IST" duration-ms="14952" status="PASS">
          <params>
            <param index="0">
              <value>
                <![CDATA[browserName2]]>
              </value>
            </param>
          </params>
          <reporter-output>
          </reporter-output>
        </test-method> <!-- setupTest -->
        <test-method is-config="true" signature="setUpClass(org.testng.ITestContext)[pri:0, instance:Runner.Runner2@2f9f7dcf]" started-at="2022-06-20T14:28:33 IST" name="setUpClass" finished-at="2022-06-20T14:28:33 IST" duration-ms="35" status="PASS">
          <params>
            <param index="0">
              <value>
                <![CDATA[org.testng.TestRunner@4d192aef]]>
              </value>
            </param>
          </params>
          <reporter-output>
          </reporter-output>
        </test-method> <!-- setUpClass -->
        <test-method is-config="true" signature="setUPClass()[pri:0, instance:Runner.Runner2@2f9f7dcf]" started-at="2022-06-20T14:28:33 IST" name="setUPClass" finished-at="2022-06-20T14:28:33 IST" duration-ms="194" status="PASS">
          <reporter-output>
          </reporter-output>
        </test-method> <!-- setUPClass -->
        <test-method signature="runScenario(io.cucumber.testng.PickleWrapper,io.cucumber.testng.FeatureWrapper)[pri:0, instance:Runner.Runner2@2f9f7dcf]" started-at="2022-06-20T14:28:33 IST" name="runScenario" description="Runs Cucumber Scenarios" data-provider="scenarios" finished-at="2022-06-20T14:28:59 IST" duration-ms="26647" status="PASS">
          <params>
            <param index="0">
              <value>
                <![CDATA["User is able to search a product and land on checkout page"]]>
              </value>
            </param>
            <param index="1">
              <value>
                <![CDATA["Optional[Amazon purchaseflow]"]]>
              </value>
            </param>
          </params>
          <reporter-output>
          </reporter-output>
        </test-method> <!-- runScenario -->
        <test-method signature="runScenarios()[pri:0, instance:Runner.Runner2@2f9f7dcf]" started-at="2022-06-20T14:28:59 IST" name="runScenarios" finished-at="2022-06-20T14:28:59 IST" duration-ms="1" status="PASS">
          <reporter-output>
          </reporter-output>
        </test-method> <!-- runScenarios -->
        <test-method is-config="true" signature="f1(org.testng.ITestResult)[pri:0, instance:Runner.Runner2@2f9f7dcf]" started-at="2022-06-20T14:28:59 IST" name="f1" finished-at="2022-06-20T14:28:59 IST" duration-ms="0" status="PASS">
          <params>
            <param index="0">
              <value>
                <![CDATA[[TestResult name=runScenario status=SUCCESS method=AbstractTestNGCucumberTests.runScenario(io.cucumber.testng.PickleWrapper,io.cucumber.testng.FeatureWrapper)[pri:0, instance:Runner.Runner2@2f9f7dcf] output={null}]]]>
              </value>
            </param>
          </params>
          <reporter-output>
          </reporter-output>
        </test-method> <!-- f1 -->
        <test-method is-config="true" signature="f1(org.testng.ITestResult)[pri:0, instance:Runner.Runner2@2f9f7dcf]" started-at="2022-06-20T14:28:59 IST" name="f1" finished-at="2022-06-20T14:28:59 IST" duration-ms="1" status="PASS">
          <params>
            <param index="0">
              <value>
                <![CDATA[[TestResult name=runScenarios status=SUCCESS method=Runner2.runScenarios()[pri:0, instance:Runner.Runner2@2f9f7dcf] output={null}]]]>
              </value>
            </param>
          </params>
          <reporter-output>
          </reporter-output>
        </test-method> <!-- f1 -->
        <test-method is-config="true" signature="afterClass()[pri:0, instance:Runner.Runner2@2f9f7dcf]" started-at="2022-06-20T14:28:59 IST" name="afterClass" finished-at="2022-06-20T14:28:59 IST" duration-ms="108" status="PASS">
          <reporter-output>
          </reporter-output>
        </test-method> <!-- afterClass -->
        <test-method is-config="true" signature="tearDownClass()[pri:0, instance:Runner.Runner2@2f9f7dcf]" started-at="2022-06-20T14:28:59 IST" name="tearDownClass" finished-at="2022-06-20T14:28:59 IST" duration-ms="3" status="PASS">
          <reporter-output>
          </reporter-output>
        </test-method> <!-- tearDownClass -->
      </class> <!-- Runner.Runner2 -->
    </test> <!-- Test2 -->
  </suite> <!-- Suite -->
</testng-results>
